<<<<<<< HEAD
2025-08-29 21:11:38 [INFO] (selenium_base.py:18) enter value: Admin on element with locator: ('name', 'username')
2025-08-29 21:11:38 [INFO] (selenium_base.py:14) getting element with locator ('name', 'username')
2025-08-29 21:11:43 [INFO] (selenium_base.py:18) enter value: admin123 on element with locator: ('name', 'password')
2025-08-29 21:11:43 [INFO] (selenium_base.py:14) getting element with locator ('name', 'password')
2025-08-29 21:11:43 [INFO] (selenium_base.py:21) click on element with locator: ('xpath', "//button[@type='submit']")
2025-08-29 21:11:43 [INFO] (selenium_base.py:14) getting element with locator ('xpath', "//button[@type='submit']")
2025-08-29 21:11:43 [INFO] (selenium_base.py:21) click on element with locator: ('xpath', "//span[normalize-space()='Admin']")
2025-08-29 21:11:43 [INFO] (selenium_base.py:14) getting element with locator ('xpath', "//span[normalize-space()='Admin']")
2025-08-29 21:11:53 [INFO] (selenium_base.py:21) click on element with locator: ('xpath', "//span[normalize-space()='User Management']//parent::li")
2025-08-29 21:11:53 [INFO] (selenium_base.py:14) getting element with locator ('xpath', "//span[normalize-space()='User Management']//parent::li")
2025-08-29 21:11:54 [INFO] (selenium_base.py:21) click on element with locator: ('xpath', "//ul[@class='oxd-dropdown-menu']//li")
2025-08-29 21:11:54 [INFO] (selenium_base.py:14) getting element with locator ('xpath', "//ul[@class='oxd-dropdown-menu']//li")
2025-08-29 21:11:55 [INFO] (selenium_base.py:21) click on element with locator: ('xpath', "//i[@class='oxd-icon bi-plus oxd-button-icon']")
2025-08-29 21:11:55 [INFO] (selenium_base.py:14) getting element with locator ('xpath', "//i[@class='oxd-icon bi-plus oxd-button-icon']")
2025-08-29 21:11:56 [INFO] (selenium_base.py:21) click on element with locator: ('xpath', "//label[text()='User Role']//ancestor::div[contains(@class,'oxd-grid-item ')]//div[contains(text(),'Select')]")
2025-08-29 21:11:56 [INFO] (selenium_base.py:14) getting element with locator ('xpath', "//label[text()='User Role']//ancestor::div[contains(@class,'oxd-grid-item ')]//div[contains(text(),'Select')]")
2025-08-29 21:11:57 [INFO] (selenium_base.py:21) click on element with locator: ('xpath', "//div[@role='listbox']//*[contains(text(),'ESS')]")
2025-08-29 21:11:57 [INFO] (selenium_base.py:14) getting element with locator ('xpath', "//div[@role='listbox']//*[contains(text(),'ESS')]")
2025-08-29 21:11:57 [INFO] (selenium_base.py:18) enter value: Automation2  FC on element with locator: ('xpath', "//input[@placeholder='Type for hints...']")
2025-08-29 21:11:57 [INFO] (selenium_base.py:14) getting element with locator ('xpath', "//input[@placeholder='Type for hints...']")
2025-08-29 21:11:57 [INFO] (selenium_base.py:21) click on element with locator: ('xpath', "//div[@role='listbox']//*[contains(text(),'Automation2  FC')]")
2025-08-29 21:11:57 [INFO] (selenium_base.py:14) getting element with locator ('xpath', "//div[@role='listbox']//*[contains(text(),'Automation2  FC')]")
=======
2025-08-29 21:13:11 [INFO] (selenium_base.py:19) enter value: Admin on element with locator: ('name', 'username')
2025-08-29 21:13:11 [INFO] (selenium_base.py:14) getting element with locator ('name', 'username')
2025-08-29 21:13:17 [INFO] (selenium_base.py:19) enter value: admin123 on element with locator: ('name', 'password')
2025-08-29 21:13:17 [INFO] (selenium_base.py:14) getting element with locator ('name', 'password')
2025-08-29 21:13:18 [INFO] (selenium_base.py:23) click on element with locator: ('xpath', "//button[@type='submit']")
2025-08-29 21:13:18 [INFO] (selenium_base.py:14) getting element with locator ('xpath', "//button[@type='submit']")
2025-08-29 21:13:18 [INFO] (selenium_base.py:23) click on element with locator: ('xpath', "//span[normalize-space()='Admin']")
2025-08-29 21:13:18 [INFO] (selenium_base.py:14) getting element with locator ('xpath', "//span[normalize-space()='Admin']")
2025-08-29 21:13:22 [INFO] (selenium_base.py:23) click on element with locator: ('xpath', "//span[normalize-space()='User Management']//parent::li")
2025-08-29 21:13:22 [INFO] (selenium_base.py:14) getting element with locator ('xpath', "//span[normalize-space()='User Management']//parent::li")
2025-08-29 21:13:23 [INFO] (selenium_base.py:23) click on element with locator: ('xpath', "//ul[@class='oxd-dropdown-menu']//li")
2025-08-29 21:13:23 [INFO] (selenium_base.py:14) getting element with locator ('xpath', "//ul[@class='oxd-dropdown-menu']//li")
2025-08-29 21:13:25 [INFO] (selenium_base.py:23) click on element with locator: ('xpath', "//i[@class='oxd-icon bi-plus oxd-button-icon']")
2025-08-29 21:13:25 [INFO] (selenium_base.py:14) getting element with locator ('xpath', "//i[@class='oxd-icon bi-plus oxd-button-icon']")
2025-08-29 21:13:27 [INFO] (selenium_base.py:23) click on element with locator: ('xpath', "//label[text()='User Role']//ancestor::div[contains(@class,'oxd-grid-item ')]//div[contains(text(),'Select')]")
2025-08-29 21:13:27 [INFO] (selenium_base.py:14) getting element with locator ('xpath', "//label[text()='User Role']//ancestor::div[contains(@class,'oxd-grid-item ')]//div[contains(text(),'Select')]")
2025-08-29 21:13:29 [INFO] (selenium_base.py:23) click on element with locator: ('xpath', "//div[@role='listbox']//*[contains(text(),'ESS')]")
2025-08-29 21:13:29 [INFO] (selenium_base.py:14) getting element with locator ('xpath', "//div[@role='listbox']//*[contains(text(),'ESS')]")
2025-08-29 21:13:30 [INFO] (selenium_base.py:19) enter value: Automation2  FC on element with locator: ('xpath', "//input[@placeholder='Type for hints...']")
2025-08-29 21:13:30 [INFO] (selenium_base.py:14) getting element with locator ('xpath', "//input[@placeholder='Type for hints...']")
2025-08-29 21:13:30 [INFO] (selenium_base.py:23) click on element with locator: ('xpath', "//div[@role='listbox']//*[contains(text(),'Automation2  FC')]")
2025-08-29 21:13:30 [INFO] (selenium_base.py:14) getting element with locator ('xpath', "//div[@role='listbox']//*[contains(text(),'Automation2  FC')]")
>>>>>>> origin/main
